Nuevo Pedido Recibido - 100:
[
  {
    "title": "Rock",
    "unit_price": 25,
    "currency_id": "ARS",
    "quantity": 1
  }
]

Nuevo Pedido Recibido - 101:
[
  {
    "title": "Encomienda Clásica",
    "unit_price": 6000,
    "currency_id": "ARS",
    "quantity": 1
  }
]

Nuevo Pedido Recibido - 102:
[
  {
    "title": "Rock",
    "unit_price": 25,
    "currency_id": "ARS",
    "quantity": 1
  },
  {
    "title": "Encomienda Clásica",
    "unit_price": 6000,
    "currency_id": "ARS",
    "quantity": 1
  }
]

Nuevo Pedido Recibido - 103:
[
  {
    "title": "Cala",
    "unit_price": 25,
    "currency_id": "ARS",
    "quantity": 1
  }
]

Nuevo Pedido Recibido - 104:
[
  {
    "title": "Envío Motomensajería",
    "unit_price": 4000,
    "currency_id": "ARS",
    "quantity": 1
  },
  {
    "title": "Rock",
    "unit_price": 25,
    "currency_id": "ARS",
    "quantity": 1
  }
]

Nuevo Pedido Recibido - 105:
[
  {
    "title": "Encomienda Clásica",
    "unit_price": 6000,
    "currency_id": "ARS",
    "quantity": 1
  }
]

Nuevo Pedido Recibido - 106:
[
  {
    "title": "Rock",
    "unit_price": 25,
    "currency_id": "ARS",
    "quantity": 1
  }
]

Nuevo Pedido Recibido - 107:
[
  {
    "title": "Encomienda Clásica",
    "unit_price": 6000,
    "currency_id": "ARS",
    "quantity": 1
  }
]

Nuevo Pedido Recibido - 108:
[
  {
    "title": "Cala",
    "unit_price": 25,
    "currency_id": "ARS",
    "quantity": 1
  }
]

Nuevo Pedido Recibido - 109:
[
  {
    "title": "Encomienda Clásica",
    "unit_price": 6000,
    "currency_id": "ARS",
    "quantity": 1
  }
]

Nuevo Pedido Recibido - 110:
[
  {
    "title": "Rock",
    "unit_price": 25,
    "currency_id": "ARS",
    "quantity": 1
  }
]

Nuevo Pedido Recibido - 111:
[
  {
    "title": "Encomienda Clásica",
    "unit_price": 6000,
    "currency_id": "ARS",
    "quantity": 1
  }
]

Nuevo Pedido Recibido - 112:
[
  {
    "title": "Encomienda Clásica",
    "unit_price": 6000,
    "currency_id": "ARS",
    "quantity": 1
  }
]

Nuevo Pedido Recibido - 113:
[
  {
    "title": "Encomienda Clásica",
    "unit_price": 6000,
    "currency_id": "ARS",
    "quantity": 1
  }
]

Nuevo Pedido Recibido - 114:
[
  {
    "title": "Encomienda Clásica",
    "unit_price": 6000,
    "currency_id": "ARS",
    "quantity": 1
  }
]

Nuevo Pedido Recibido - 115:
[
  {
    "title": "Cala",
    "unit_price": 25,
    "currency_id": "ARS",
    "quantity": 1
  }
]

Nuevo Pedido Recibido - 116:
[
  {
    "title": "Rock",
    "unit_price": 25,
    "currency_id": "ARS",
    "quantity": 1
  },
  {
    "title": "Encomienda Clásica",
    "unit_price": 6000,
    "currency_id": "ARS",
    "quantity": 1
  }
]

Nuevo Pedido Recibido - 117:
[
  {
    "title": "Rock",
    "unit_price": 25,
    "currency_id": "ARS",
    "quantity": 1
  }
]

Nuevo Pedido Recibido - 118:
[
  {
    "title": "Rock",
    "unit_price": 8500,
    "currency_id": "ARS",
    "quantity": 1
  },
  {
    "title": "Cala",
    "unit_price": 8500,
    "currency_id": "ARS",
    "quantity": 1
  },
  {
    "title": "Encomienda Clásica",
    "unit_price": 6000,
    "currency_id": "ARS",
    "quantity": 1
  }
]

Nuevo Pedido Recibido - 119:
[
  {
    "title": "Rock",
    "unit_price": 8500,
    "currency_id": "ARS",
    "quantity": 1
  },
  {
    "title": "Cala",
    "unit_price": 8500,
    "currency_id": "ARS",
    "quantity": 1
  },
  {
    "title": "Encomienda Clásica",
    "unit_price": 6000,
    "currency_id": "ARS",
    "quantity": 1
  }
]

Nuevo Pedido Recibido - 120:
[
  {
    "title": "Rock",
    "unit_price": 8500,
    "currency_id": "ARS",
    "quantity": 1
  },
  {
    "title": "Cala",
    "unit_price": 8500,
    "currency_id": "ARS",
    "quantity": 1
  },
  {
    "title": "Heart",
    "unit_price": 8500,
    "currency_id": "ARS",
    "quantity": 1
  },
  {
    "title": "Train",
    "unit_price": 8500,
    "currency_id": "ARS",
    "quantity": 1
  },
  {
    "title": "Tears",
    "unit_price": 8500,
    "currency_id": "ARS",
    "quantity": 1
  },
  {
    "title": "Encomienda Clásica",
    "unit_price": 6000,
    "currency_id": "ARS",
    "quantity": 1
  }
]

Nuevo Pedido Recibido - 121:
[
  {
    "title": "Rock",
    "unit_price": 8500,
    "currency_id": "ARS",
    "quantity": 1
  },
  {
    "title": "Cala",
    "unit_price": 8500,
    "currency_id": "ARS",
    "quantity": 1
  },
  {
    "title": "Envío Motomensajería",
    "unit_price": 4000,
    "currency_id": "ARS",
    "quantity": 1
  }
]

Nuevo Pedido Recibido - 122:
[
  {
    "title": "Rock",
    "unit_price": 8500,
    "currency_id": "ARS",
    "quantity": 1
  },
  {
    "title": "Cala",
    "unit_price": 8500,
    "currency_id": "ARS",
    "quantity": 1
  },
  {
    "title": "Heart",
    "unit_price": 8500,
    "currency_id": "ARS",
    "quantity": 1
  },
  {
    "title": "Encomienda Clásica",
    "unit_price": 6000,
    "currency_id": "ARS",
    "quantity": 1
  },
  {
    "title": "Encomienda Clásica",
    "unit_price": 6000,
    "currency_id": "ARS",
    "quantity": 1
  }
]

Nuevo Pedido Recibido - 123:
[
  {
    "title": "Encomienda Clásica",
    "unit_price": 6000,
    "currency_id": "ARS",
    "quantity": 1
  },
  {
    "title": "Encomienda Clásica",
    "unit_price": 6000,
    "currency_id": "ARS",
    "quantity": 1
  }
]

Nuevo Pedido Recibido - 124:
[
  {
    "title": "Rock",
    "unit_price": 8500,
    "currency_id": "ARS",
    "quantity": 1
  },
  {
    "title": "Cala",
    "unit_price": 8500,
    "currency_id": "ARS",
    "quantity": 1
  },
  {
    "title": "Encomienda Clásica",
    "unit_price": 6000,
    "currency_id": "ARS",
    "quantity": 1
  }
]

Nuevo Pedido Recibido - 125:
[
  {
    "title": "Cala",
    "unit_price": 8500,
    "currency_id": "ARS",
    "quantity": 2
  },
  {
    "title": "Heart",
    "unit_price": 8500,
    "currency_id": "ARS",
    "quantity": 1
  },
  {
    "title": "Encomienda Clásica",
    "unit_price": 6000,
    "currency_id": "ARS",
    "quantity": 1
  }
]

Nuevo Pedido Recibido - 126:
[
  {
    "title": "Rock",
    "unit_price": 8500,
    "currency_id": "ARS",
    "quantity": 1
  },
  {
    "title": "Cala",
    "unit_price": 8500,
    "currency_id": "ARS",
    "quantity": 1
  },
  {
    "title": "Encomienda Clásica",
    "unit_price": 6000,
    "currency_id": "ARS",
    "quantity": 1
  }
]

Nuevo Pedido Recibido - 127:
[
  {
    "title": "Rock",
    "unit_price": 8500,
    "currency_id": "ARS",
    "quantity": 1
  },
  {
    "title": "Encomienda Clásica",
    "unit_price": 6000,
    "currency_id": "ARS",
    "quantity": 1
  }
]

Nuevo Pedido Recibido - 128:
[
  {
    "title": "Miller",
    "unit_price": 8500,
    "currency_id": "ARS",
    "quantity": 1
  },
  {
    "title": "Colors",
    "unit_price": 8500,
    "currency_id": "ARS",
    "quantity": 1
  },
  {
    "title": "Encomienda Clásica",
    "unit_price": 6000,
    "currency_id": "ARS",
    "quantity": 1
  }
]

Nuevo Pedido Recibido - 129:
[
  {
    "title": "Retiro en Local",
    "unit_price": 0,
    "currency_id": "ARS",
    "quantity": 1
  }
]

Nuevo Pedido Recibido - 130:
[
  {
    "title": "Rock",
    "unit_price": 8500,
    "currency_id": "ARS",
    "quantity": 1
  },
  {
    "title": "Cala",
    "unit_price": 8500,
    "currency_id": "ARS",
    "quantity": 1
  },
  {
    "title": "Envío Motomensajería",
    "unit_price": 4000,
    "currency_id": "ARS",
    "quantity": 1
  }
]

Nuevo Pedido Recibido - 131:
[
  {
    "title": "Cala",
    "unit_price": 8500,
    "currency_id": "ARS",
    "quantity": 2
  },
  {
    "title": "Rock",
    "unit_price": 8500,
    "currency_id": "ARS",
    "quantity": 2
  },
  {
    "title": "Encomienda Clásica",
    "unit_price": 6000,
    "currency_id": "ARS",
    "quantity": 1
  }
]

Nuevo Pedido Recibido - 132:
[
  {
    "title": "Rock",
    "unit_price": 8500,
    "currency_id": "ARS",
    "quantity": 2
  },
  {
    "title": "Cala",
    "unit_price": 8500,
    "currency_id": "ARS",
    "quantity": 2
  },
  {
    "title": "Heart",
    "unit_price": 8500,
    "currency_id": "ARS",
    "quantity": 1
  },
  {
    "title": "Encomienda Clásica",
    "unit_price": 6000,
    "currency_id": "ARS",
    "quantity": 1
  }
]

Nuevo Pedido Recibido - 133:
[
  {
    "title": "Rock",
    "unit_price": 8500,
    "currency_id": "ARS",
    "quantity": 1
  },
  {
    "title": "Cala",
    "unit_price": 8500,
    "currency_id": "ARS",
    "quantity": 1
  },
  {
    "title": "Encomienda Clásica",
    "unit_price": 6000,
    "currency_id": "ARS",
    "quantity": 1
  }
]

Nuevo Pedido Recibido - 134:
[
  {
    "title": "Encomienda Clásica",
    "unit_price": 6000,
    "currency_id": "ARS",
    "quantity": 1
  },
  {
    "title": "Rock",
    "unit_price": 8500,
    "currency_id": "ARS",
    "quantity": 1
  },
  {
    "title": "Cala",
    "unit_price": 8500,
    "currency_id": "ARS",
    "quantity": 1
  }
]

Nuevo Pedido Recibido - 135:
[
  {
    "title": "Rock",
    "unit_price": 8500,
    "currency_id": "ARS",
    "quantity": 1
  },
  {
    "title": "Cala",
    "unit_price": 8500,
    "currency_id": "ARS",
    "quantity": 1
  },
  {
    "title": "Heart",
    "unit_price": 8500,
    "currency_id": "ARS",
    "quantity": 1
  },
  {
    "title": "Encomienda Clásica",
    "unit_price": 6000,
    "currency_id": "ARS",
    "quantity": 1
  }
]

Nuevo Pedido Recibido - 136:
[
  {
    "title": "Rock",
    "unit_price": 8500,
    "currency_id": "ARS",
    "quantity": 1
  },
  {
    "title": "Cala",
    "unit_price": 8500,
    "currency_id": "ARS",
    "quantity": 3
  },
  {
    "title": "Encomienda Clásica",
    "unit_price": 6000,
    "currency_id": "ARS",
    "quantity": 1
  }
]

Nuevo Pedido Recibido - 137:
[
  {
    "title": "Cala",
    "unit_price": 8500,
    "currency_id": "ARS",
    "quantity": 1
  },
  {
    "title": "Rock",
    "unit_price": 8500,
    "currency_id": "ARS",
    "quantity": 3
  },
  {
    "title": "Encomienda Clásica",
    "unit_price": 6000,
    "currency_id": "ARS",
    "quantity": 1
  }
]

Nuevo Pedido Recibido - 138:
[
  {
    "title": "Encomienda Clásica",
    "unit_price": 6000,
    "currency_id": "ARS",
    "quantity": 1
  },
  {
    "title": "Rock",
    "unit_price": 8500,
    "currency_id": "ARS",
    "quantity": 1
  },
  {
    "title": "Cala",
    "unit_price": 8500,
    "currency_id": "ARS",
    "quantity": 1
  }
]

Nuevo Pedido Recibido - 139:
[
  {
    "title": "Envío Motomensajería",
    "unit_price": 4000,
    "currency_id": "ARS",
    "quantity": 1
  }
]

Nuevo Pedido Recibido - 140:
[
  {
    "title": "Rock",
    "unit_price": 8500,
    "currency_id": "ARS",
    "quantity": 1
  },
  {
    "title": "Cala",
    "unit_price": 8500,
    "currency_id": "ARS",
    "quantity": 1
  },
  {
    "title": "Encomienda Clásica",
    "unit_price": 6000,
    "currency_id": "ARS",
    "quantity": 1
  }
]

Nuevo Pedido Recibido - 141:
[
  {
    "title": "Cala",
    "unit_price": 8500,
    "currency_id": "ARS",
    "quantity": 1
  },
  {
    "title": "Rock",
    "unit_price": 8500,
    "currency_id": "ARS",
    "quantity": 1
  },
  {
    "title": "Envío Motomensajería",
    "unit_price": 4000,
    "currency_id": "ARS",
    "quantity": 1
  }
]

Nuevo Pedido Recibido - 142:
[
  {
    "title": "Encomienda Clásica",
    "unit_price": 6000,
    "currency_id": "ARS",
    "quantity": 1
  },
  {
    "title": "Cala",
    "unit_price": 8500,
    "currency_id": "ARS",
    "quantity": 1
  }
]

Nuevo Pedido Recibido - 143:
[
  {
    "title": "Colors",
    "unit_price": 8500,
    "currency_id": "ARS",
    "quantity": 1
  },
  {
    "title": "Mari",
    "unit_price": 8500,
    "currency_id": "ARS",
    "quantity": 1
  },
  {
    "title": "Encomienda Clásica",
    "unit_price": 6000,
    "currency_id": "ARS",
    "quantity": 1
  }
]

Nuevo Pedido Recibido - 144:
[
  {
    "title": "Mac Miller",
    "unit_price": 8500,
    "currency_id": "ARS",
    "quantity": 1
  },
  {
    "title": "Dead",
    "unit_price": 8500,
    "currency_id": "ARS",
    "quantity": 1
  },
  {
    "title": "Encomienda Clásica",
    "unit_price": 6000,
    "currency_id": "ARS",
    "quantity": 1
  }
]

Nuevo Pedido Recibido - 145:
[
  {
    "title": "Marijuana",
    "unit_price": 8500,
    "currency_id": "ARS",
    "quantity": 1
  },
  {
    "title": "Encomienda Clásica",
    "unit_price": 6000,
    "currency_id": "ARS",
    "quantity": 1
  }
]

Nuevo Pedido Recibido - 146:
[
  {
    "title": "Dead",
    "unit_price": 8500,
    "currency_id": "ARS",
    "quantity": 1
  },
  {
    "title": "Rock",
    "unit_price": 8500,
    "currency_id": "ARS",
    "quantity": 1
  },
  {
    "title": "Encomienda Clásica",
    "unit_price": 6000,
    "currency_id": "ARS",
    "quantity": 1
  }
]

Nuevo Pedido Recibido - 147:
[
  {
    "title": "Mac Miller",
    "unit_price": 8500,
    "currency_id": "ARS",
    "quantity": 1
  },
  {
    "title": "Mac Miller",
    "unit_price": 8500,
    "currency_id": "ARS",
    "quantity": 1
  },
  {
    "title": "Encomienda Clásica",
    "unit_price": 6000,
    "currency_id": "ARS",
    "quantity": 1
  }
]

Nuevo Pedido Recibido - 148:
[
  {
    "title": "Mac Miller",
    "unit_price": 8500,
    "currency_id": "ARS",
    "quantity": 1
  },
  {
    "title": "Colors",
    "unit_price": 8500,
    "currency_id": "ARS",
    "quantity": 1
  },
  {
    "title": "Encomienda Clásica",
    "unit_price": 6000,
    "currency_id": "ARS",
    "quantity": 1
  }
]

Nuevo Pedido Recibido - 149:
[
  {
    "title": "Dead",
    "unit_price": 8500,
    "currency_id": "ARS",
    "quantity": 1
  },
  {
    "title": "Encomienda Clásica",
    "unit_price": 6000,
    "currency_id": "ARS",
    "quantity": 1
  }
]

Nuevo Pedido Recibido - 150:
[
  {
    "title": "Dead",
    "unit_price": 8500,
    "currency_id": "ARS",
    "quantity": 1
  },
  {
    "title": "Encomienda Clásica",
    "unit_price": 6000,
    "currency_id": "ARS",
    "quantity": 1
  }
]

Nuevo Pedido Recibido - 151:
[
  {
    "title": "Dead",
    "unit_price": 8500,
    "currency_id": "ARS",
    "quantity": 1
  },
  {
    "title": "Encomienda Clásica",
    "unit_price": 6000,
    "currency_id": "ARS",
    "quantity": 1
  }
]

Nuevo Pedido Recibido - 152:
[
  {
    "title": "Rock",
    "unit_price": 8500,
    "currency_id": "ARS",
    "quantity": 1
  },
  {
    "title": "Encomienda Clásica",
    "unit_price": 6000,
    "currency_id": "ARS",
    "quantity": 1
  }
]

Nuevo Pedido Recibido - 153:
[
  {
    "title": "Tears",
    "unit_price": 8500,
    "currency_id": "ARS",
    "quantity": 1
  },
  {
    "title": "Encomienda Clásica",
    "unit_price": 6000,
    "currency_id": "ARS",
    "quantity": 1
  }
]

Nuevo Pedido Recibido - 154:
[
  {
    "title": "Tears",
    "unit_price": 8500,
    "currency_id": "ARS",
    "quantity": 1
  },
  {
    "title": "Encomienda Clásica",
    "unit_price": 6000,
    "currency_id": "ARS",
    "quantity": 1
  }
]

Nuevo Pedido Recibido - 155:
[
  {
    "title": "Dead",
    "unit_price": 8500,
    "currency_id": "ARS",
    "quantity": 1
  },
  {
    "title": "Encomienda Clásica",
    "unit_price": 6000,
    "currency_id": "ARS",
    "quantity": 1
  }
]

Nuevo Pedido Recibido - 156:
[
  {
    "title": "Heart",
    "unit_price": 8500,
    "currency_id": "ARS",
    "quantity": 1
  },
  {
    "title": "Encomienda Clásica",
    "unit_price": 6000,
    "currency_id": "ARS",
    "quantity": 1
  }
]

Nuevo Pedido Recibido - 157:
[
  {
    "title": "Trainspotting",
    "unit_price": 8500,
    "currency_id": "ARS",
    "quantity": 1
  },
  {
    "title": "Encomienda Clásica",
    "unit_price": 6000,
    "currency_id": "ARS",
    "quantity": 1
  }
]

Nuevo Pedido Recibido - 158:
[
  {
    "title": "Envío Motomensajería",
    "unit_price": 4000,
    "currency_id": "ARS",
    "quantity": 1
  }
]

Nuevo Pedido Recibido - 159:
[
  {
    "title": "Eminem",
    "unit_price": 8500,
    "currency_id": "ARS",
    "quantity": 1
  },
  {
    "title": "Encomienda Clásica",
    "unit_price": 6000,
    "currency_id": "ARS",
    "quantity": 1
  }
]

Nuevo Pedido Recibido - 160:
[
  {
    "title": "Eminem",
    "unit_price": 8500,
    "currency_id": "ARS",
    "quantity": 1
  },
  {
    "title": "Encomienda Clásica",
    "unit_price": 6000,
    "currency_id": "ARS",
    "quantity": 1
  }
]

Nuevo Pedido Recibido - 161:
[
  {
    "title": "Eminem",
    "unit_price": 8500,
    "currency_id": "ARS",
    "quantity": 1
  },
  {
    "title": "Encomienda Clásica",
    "unit_price": 6000,
    "currency_id": "ARS",
    "quantity": 1
  }
]

Nuevo Pedido Recibido - 162:
[
  {
    "title": "Dead",
    "unit_price": 8500,
    "currency_id": "ARS",
    "quantity": 1
  },
  {
    "title": "Encomienda Clásica",
    "unit_price": 6000,
    "currency_id": "ARS",
    "quantity": 1
  }
]

Nuevo Pedido Recibido - 163:
[
  {
    "title": "Dead",
    "unit_price": 8500,
    "currency_id": "ARS",
    "quantity": 1
  },
  {
    "title": "Encomienda Clásica",
    "unit_price": 6000,
    "currency_id": "ARS",
    "quantity": 1
  }
]

Nuevo Pedido Recibido - 164:
[
  {
    "title": "Dead",
    "unit_price": 8500,
    "currency_id": "ARS",
    "quantity": 1
  },
  {
    "title": "Encomienda Clásica",
    "unit_price": 6000,
    "currency_id": "ARS",
    "quantity": 1
  }
]

Nuevo Pedido Recibido - 165:
[
  {
    "title": "Dead",
    "unit_price": 8500,
    "currency_id": "ARS",
    "quantity": 1
  },
  {
    "title": "Encomienda Clásica",
    "unit_price": 6000,
    "currency_id": "ARS",
    "quantity": 1
  }
]

Nuevo Pedido Recibido - 166:
[
  {
    "title": "Eminem",
    "unit_price": 8500,
    "currency_id": "ARS",
    "quantity": 1
  },
  {
    "title": "Encomienda Clásica",
    "unit_price": 6000,
    "currency_id": "ARS",
    "quantity": 1
  }
]

Nuevo Pedido Recibido - 167:
[
  {
    "title": "Eminem",
    "unit_price": 8500,
    "currency_id": "ARS",
    "quantity": 1
  },
  {
    "title": "Encomienda Clásica",
    "unit_price": 6000,
    "currency_id": "ARS",
    "quantity": 1
  }
]

Nuevo Pedido Recibido - 168:
[
  {
    "title": "Eminem",
    "unit_price": 8500,
    "currency_id": "ARS",
    "quantity": 2
  },
  {
    "title": "Encomienda Clásica",
    "unit_price": 6000,
    "currency_id": "ARS",
    "quantity": 1
  }
]

Nuevo Pedido Recibido - 169:
[
  {
    "title": "Trainspotting",
    "unit_price": 8500,
    "currency_id": "ARS",
    "quantity": 1
  },
  {
    "title": "Encomienda Clásica",
    "unit_price": 6000,
    "currency_id": "ARS",
    "quantity": 1
  }
]

Nuevo Pedido Recibido - 170:
[
  {
    "title": "Heart",
    "unit_price": 8500,
    "currency_id": "ARS",
    "quantity": 1
  },
  {
    "title": "Envío Motomensajería",
    "unit_price": 4000,
    "currency_id": "ARS",
    "quantity": 1
  }
]

Nuevo Pedido Recibido - 171:
[
  {
    "title": "Heart",
    "unit_price": 8500,
    "currency_id": "ARS",
    "quantity": 1
  },
  {
    "title": "Encomienda Clásica",
    "unit_price": 6000,
    "currency_id": "ARS",
    "quantity": 1
  }
]

Nuevo Pedido Recibido - 172:
[
  {
    "title": "Dead",
    "unit_price": 8500,
    "currency_id": "ARS",
    "quantity": 1
  },
  {
    "title": "Encomienda Clásica",
    "unit_price": 6000,
    "currency_id": "ARS",
    "quantity": 1
  }
]

Nuevo Pedido Recibido - 173:
[
  {
    "title": "Heart",
    "unit_price": 8500,
    "currency_id": "ARS",
    "quantity": 1
  },
  {
    "title": "Encomienda Clásica",
    "unit_price": 6000,
    "currency_id": "ARS",
    "quantity": 1
  }
]

Nuevo Pedido Recibido - 174:
[
  {
    "title": "Eminem",
    "unit_price": 8500,
    "currency_id": "ARS",
    "quantity": 1
  },
  {
    "title": "Encomienda Clásica",
    "unit_price": 6000,
    "currency_id": "ARS",
    "quantity": 1
  }
]

Nuevo Pedido Recibido - 175:
[
  {
    "title": "Tears",
    "unit_price": 8500,
    "currency_id": "ARS",
    "quantity": 1
  },
  {
    "title": "Encomienda Clásica",
    "unit_price": 6000,
    "currency_id": "ARS",
    "quantity": 1
  }
]

Nuevo Pedido Recibido - 176:
[
  {
    "title": "Heart",
    "unit_price": 8500,
    "currency_id": "ARS",
    "quantity": 1
  },
  {
    "title": "Encomienda Clásica",
    "unit_price": 6000,
    "currency_id": "ARS",
    "quantity": 1
  }
]

Nuevo Pedido Recibido - 177:
[
  {
    "title": "Encomienda Clásica",
    "unit_price": 6000,
    "currency_id": "ARS",
    "quantity": 1
  },
  {
    "title": "Dead",
    "unit_price": 8500,
    "currency_id": "ARS",
    "quantity": 1
  }
]

